 Aonald E.K. The Art of Computer Programming  Vol. 4  -- Addison-Wesley Professional,  1997 
 Donald B.K. The Art of Computer Programming  Vol. 2  -- Addison-Wesley Professional,  1997 
 Donald E.K. The Art of Computer Programming  Vol. 1  -- Addison-Wesley Professional,  1997 
 Donald E.K. The Art of Computer Programming  Vol. 3  -- Addison-Wesley Professional,  1997 
 Robert E.T. Andrew G. A new approach to the maximum flow problem // Journal ACM Vol. 35   1988 921--940
 Robert E.T. Bndrew G. A new approach to the maximum flow problem // Journal ACM Vol. 5   1988 921--940
[0]  Aonald E.K. The Art of Computer Programming  Vol. 4  -- Addison-Wesley Professional,  1997 
[1]  Donald B.K. The Art of Computer Programming  Vol. 2  -- Addison-Wesley Professional,  1997 
[2]  Donald E.K. The Art of Computer Programming  Vol. 1  -- Addison-Wesley Professional,  1997 
[3]  Donald E.K. The Art of Computer Programming  Vol. 3  -- Addison-Wesley Professional,  1997 
[4]  Robert E.T. Andrew G. A new approach to the maximum flow problem // Journal ACM Vol. 35   1988 921--940
[5]  Robert E.T. Bndrew G. A new approach to the maximum flow problem // Journal ACM Vol. 5   1988 921--940
[0]  Aonald E.K. The Art of Computer Programming  Vol. 4  -- Addison-Wesley Professional,  1997 
[1]  Donald B.K. The Art of Computer Programming  Vol. 2  -- Addison-Wesley Professional,  1997 
[2]  Donald E.K. The Art of Computer Programming  Vol. 1  -- Addison-Wesley Professional,  1997 
[3]  Donald E.K. The Art of Computer Programming  Vol. 3  -- Addison-Wesley Professional,  1997 
[4]  Robert E.T. Andrew G. A new approach to the maximum flow problem // Journal ACM Vol. 35   1988 921--940
[5]  Robert E.T. Bndrew G. A new approach to the maximum flow problem // Journal ACM Vol. 5   1988 921--940
[0]  Aonald E.K. The Art of Computer Programming  Vol. 4  -- Addison-Wesley Professional,  1997 
[1]  Donald B.K. The Art of Computer Programming  Vol. 2  -- Addison-Wesley Professional,  1997 
[2]  Donald E.K. The Art of Computer Programming  Vol. 1  -- Addison-Wesley Professional,  1997 
[3]  Donald E.K. The Art of Computer Programming  Vol. 3  -- Addison-Wesley Professional,  1997 
[4]  Robert E.T.,  Andrew G. A new approach to the maximum flow problem // Journal ACM Vol. 35   1988 921--940
[5]  Robert E.T.,  Bndrew G. A new approach to the maximum flow problem // Journal ACM Vol. 5   1988 921--940
[0]  Aonald E.K. The Art of Computer Programming  Vol. 4  -- Addison-Wesley Professional,  1997 
[1]  Donald B.K. The Art of Computer Programming  Vol. 2  -- Addison-Wesley Professional,  1997 
[2]  Donald E.K. The Art of Computer Programming  Vol. 1  -- Addison-Wesley Professional,  1997 
[3]  Donald E.K. The Art of Computer Programming  Vol. 3  -- Addison-Wesley Professional,  1997 
[4]  Robert E.T.,  Andrew G. A new approach to the maximum flow problem // Journal ACM Vol. 35   1988 921--940
[5]  Robert E.T.,  Bndrew G. A new approach to the maximum flow problem // Journal ACM Vol. 5   1988 921--940
[0]  Aonald E.K. The Art of Computer Programming  Vol. 4  -- Addison-Wesley Professional,  1997 
[1]  Donald B.K. The Art of Computer Programming  Vol. 2  -- Addison-Wesley Professional,  1997 
[2]  Donald E.K. The Art of Computer Programming  Vol. 1  -- Addison-Wesley Professional,  1997 
[3]  Donald E.K. The Art of Computer Programming  Vol. 3  -- Addison-Wesley Professional,  1997 
[4]  Robert E.T.,  Andrew G. A new approach to the maximum flow problem // Journal ACM Vol. 35   1988 921--940
[5]  Robert E.T.,  Bndrew G. A new approach to the maximum flow problem // Journal ACM Vol. 5   1988 921--940
[0]  Robert E.T.,  Andrew G. A new approach to the maximum flow problem // Journal ACM Vol. 35   1988 921--940
[1]  Robert E.T.,  Bndrew G. A new approach to the maximum flow problem // Journal ACM Vol. 5   1988 921--940
[2]  Aonald E.K. The Art of Computer Programming  Vol. 4  -- Addison-Wesley Professional,  1997 
[3]  Donald B.K. The Art of Computer Programming  Vol. 2  -- Addison-Wesley Professional,  1997 
[4]  Donald E.K. The Art of Computer Programming  Vol. 1  -- Addison-Wesley Professional,  1997 
[5]  Donald E.K. The Art of Computer Programming  Vol. 3  -- Addison-Wesley Professional,  1997 
[0]  Robert E.T.,  Andrew G. A new approach to the maximum flow problem // Journal ACM 35  -- 1988-- pp. 921--940
[1]  Robert E.T.,  Bndrew G. A new approach to the maximum flow problem // Journal ACM 5  -- 1988-- pp. 921--940
[2]  Aonald E.K. The Art of Computer Programming  Vol.4  -- Addison-Wesley Professional,  1997 
[3]  Donald B.K. The Art of Computer Programming  Vol.2  -- Addison-Wesley Professional,  1997 
[4]  Donald E.K. The Art of Computer Programming  Vol.1  -- Addison-Wesley Professional,  1997 
[5]  Donald E.K. The Art of Computer Programming  Vol.3  -- Addison-Wesley Professional,  1997 
[0]  Robert E.T.,  Andrew G. A new approach to the maximum flow problem // Journal ACM 35  -- 1988-- pp. 921--940
[1]  Robert E.T.,  Bndrew G. A new approach to the maximum flow problem // Journal ACM 5  -- 1988-- pp. 921--940
[2]  Aonald E.K. The Art of Computer Programming  Vol.4  -- Addison-Wesley Professional,  1997 
[3]  Donald B.K. The Art of Computer Programming  Vol.2  -- Addison-Wesley Professional,  1997 
[4]  Donald E.K. The Art of Computer Programming  Vol.1  -- Addison-Wesley Professional,  1997 
[5]  Donald E.K. The Art of Computer Programming  Vol.3  -- Addison-Wesley Professional,  1997 
[0]  Robert E.T.,  Andrew G. A new approach to the maximum flow problem // Journal ACM 35  -- 1988-- pp. 921--940
[1]  Robert E.T.,  Bndrew G. A new approach to the maximum flow problem // Journal ACM 5  -- 1988-- pp. 921--940
[2]  Aonald E.K. The Art of Computer Programming , Vol. 4  -- Addison-Wesley Professional,  1997 
[3]  Donald B.K. The Art of Computer Programming , Vol. 2  -- Addison-Wesley Professional,  1997 
[4]  Donald E.K. The Art of Computer Programming , Vol. 1  -- Addison-Wesley Professional,  1997 
[5]  Donald E.K. The Art of Computer Programming , Vol. 3  -- Addison-Wesley Professional,  1997 
[0]  Robert E.T.,  Andrew G. A new approach to the maximum flow problem // Journal ACM 35  -- 1988-- pp. 921--940
[1]  Robert E.T.,  Bndrew G. A new approach to the maximum flow problem // Journal ACM 5  -- 1988-- pp. 921--940
[2]  Aonald E.K. The Art of Computer Programming, Vol. 4  -- Addison-Wesley Professional,  1997 
[3]  Donald B.K. The Art of Computer Programming, Vol. 2  -- Addison-Wesley Professional,  1997 
[4]  Donald E.K. The Art of Computer Programming, Vol. 1  -- Addison-Wesley Professional,  1997 
[5]  Donald E.K. The Art of Computer Programming, Vol. 3  -- Addison-Wesley Professional,  1997 
[0]  Robert E.T.,  Andrew G. A new approach to the maximum flow problem // Journal ACM 35  -- 1988-- pp. 921--940
[1]  Robert E.T.,  Bndrew G. A new approach to the maximum flow problem // Journal ACM 5  -- 1988-- pp. 921--940
[2]  Aonald E.K. The Art of Computer Programming, Vol. 4  -- Addison-Wesley Professional,  1997 
[3]  Donald B.K. The Art of Computer Programming, Vol. 2  -- Addison-Wesley Professional,  1997 
[4]  Donald E.K. The Art of Computer Programming, Vol. 1  -- Addison-Wesley Professional,  1997 
[5]  Donald E.K. The Art of Computer Programming, Vol. 3  -- Addison-Wesley Professional,  1997 
